Arguments: 
  /Users/abbaslamouri/.nvm/versions/node/v15.14.0/bin/node /Users/abbaslamouri/.yarn/bin/yarn.js

PATH: 
  /Users/abbaslamouri/.yarn/bin:/Users/abbaslamouri/.config/yarn/global/node_modules/.bin:/Users/abbaslamouri/.nvm/versions/node/v15.14.0/bin:/usr/local/bin:/usr/bin:/bin:/usr/sbin:/sbin:/Users/abbaslamouri/.yarn/bin:/Users/abbaslamouri/.config/yarn/global/node_modules/.bin:/Users/abbaslamouri/.nvm/versions/node/v15.14.0/bin

Yarn version: 
  1.22.15

Node version: 
  15.14.0

Platform: 
  darwin x64

Trace: 
  SyntaxError: /Users/abbaslamouri/Desktop/Sandbox/vue-js/node-bootcamp/package.json: Unexpected token } in JSON at position 958
      at JSON.parse (<anonymous>)
      at /Users/abbaslamouri/.yarn/lib/cli.js:1625:59
      at Generator.next (<anonymous>)
      at step (/Users/abbaslamouri/.yarn/lib/cli.js:310:30)
      at /Users/abbaslamouri/.yarn/lib/cli.js:321:13

npm manifest: 
  {
    "name": "natours",
    "version": "1.0.0",
    "description": "Learning Node js",
    "main": "app.js",
    "author": "Abbas Lamouri",
    "license": "MIT",
    "scripts": {
      "start": "nodemon server.js",
      "build": "NODE_ENV=production && nodemon server.js",
      "debug": "ndb server.js",
      "parcelWatch": "parcel watch --target public/js/index.js --dist-dir public"
    },
    "dependencies": {
      "axios": "^0.23.0",
      "bcryptjs": "^2.4.3",
      "cookie-parser": "^1.4.5",
      "dotenv": "^10.0.0",
      "express": "^4.17.1",
      "express-mongo-sanitize": "^2.1.0",
      "express-rate-limit": "^5.5.0",
      "helmet": "^4.6.0",
      "hpp": "^0.2.3",
      "jsonwebtoken": "^8.5.1",
      "mapbox-gl": "^2.5.1",
      "mongoose": "^6.0.9",
      "morgan": "^1.10.0",
      "nodemailer": "^6.7.0",
      "pug": "^3.0.2",
      "slugify": "^1.6.1",
      "validator": "^13.6.0",
      "xss-clean": "^0.1.1"
    },
    "devDependencies": {
      "ndb": "^1.1.5",
      "nodemon": "^2.0.13",
    }
  }

yarn manifest: 
  No manifest

Lockfile: 
  No lockfile
